<?xml version="1.0" encoding="UTF-8"?>
<!-- Generated by org.testng.reporters.JUnitReportReporter -->
<testsuite hostname="HARI" failures="0" tests="5" name="runner.TestRunner" time="221.569" errors="0" timestamp="2025-06-23T15:50:54 IST" skipped="0">
  <testcase classname="runner.TestRunner" name="runScenario" time="39.425"/>
  <system-out/>
  <testcase classname="runner.TestRunner" name="runScenario" time="46.385"/>
  <system-out/>
  <testcase classname="runner.TestRunner" name="runScenario" time="44.990"/>
  <system-out/>
  <testcase classname="runner.TestRunner" name="runScenario" time="44.647"/>
  <system-out/>
  <testcase classname="runner.TestRunner" name="runScenario" time="46.122"/>
  <system-out/>
</testsuite> <!-- runner.TestRunner -->
